CodeNarc Report - Oct 7, 2022, 11:22:42 AM

Summary: TotalFiles=9 FilesWithViolations=9 P1=0 P2=107 P3=0

File: /Users/yoomlam/dev/abd-vro/api/build.gradle
    Violation: Rule=unused-dependency P=2 Line=null Msg=[one or more classes in com.fasterxml.jackson.core:jackson-annotations:2.13.4 are required by your code directly]
    Violation: Rule=unused-dependency P=2 Line=null Msg=[one or more classes in io.swagger.core.v3:swagger-annotations:2.1.6 are required by your code directly]
    Violation: Rule=unused-dependency P=2 Line=null Msg=[one or more classes in jakarta.validation:jakarta.validation-api:2.0.2 are required by your code directly]
    Violation: Rule=unused-dependency P=2 Line=null Msg=[one or more classes in javax.validation:validation-api:2.0.1.Final are required by your code directly]
    Violation: Rule=unused-dependency P=2 Line=null Msg=[one or more classes in org.springframework:spring-web:5.3.23 are required by your code directly]

File: /Users/yoomlam/dev/abd-vro/app/build.gradle
    Violation: Rule=unused-dependency P=2 Line=null Msg=[one or more classes in org.springframework.security:spring-security-config:5.7.3 are required by your code directly]
    Violation: Rule=unused-dependency P=2 Line=null Msg=[one or more classes in org.springframework.security:spring-security-core:5.7.3 are required by your code directly]
    Violation: Rule=unused-dependency P=2 Line=null Msg=[one or more classes in org.springframework:spring-beans:5.3.23 are required by your code directly]
    Violation: Rule=unused-dependency P=2 Line=null Msg=[one or more classes in org.springframework:spring-core:5.3.23 are required by your code directly]
    Violation: Rule=unused-dependency P=2 Line=null Msg=[one or more classes in org.springframework:spring-context:5.3.23 are required by your code directly]
    Violation: Rule=unused-dependency P=2 Line=null Msg=[one or more classes in org.springframework.data:spring-data-jpa:2.7.3 are required by your code directly]
    Violation: Rule=unused-dependency P=2 Line=null Msg=[one or more classes in org.apache.tomcat.embed:tomcat-embed-core:9.0.65 are required by your code directly]
    Violation: Rule=unused-dependency P=2 Line=null Msg=[one or more classes in org.slf4j:slf4j-api:1.7.36 are required by your code directly]
    Violation: Rule=unused-dependency P=2 Line=null Msg=[one or more classes in org.springframework.security:spring-security-web:5.7.3 are required by your code directly]
    Violation: Rule=unused-dependency P=2 Line=null Msg=[one or more classes in org.springframework:spring-web:5.3.23 are required by your code directly]
    Violation: Rule=unused-dependency P=2 Line=null Msg=[one or more classes in org.springframework.boot:spring-boot:2.7.4 are required by your code directly]
    Violation: Rule=unused-dependency P=2 Line=null Msg=[one or more classes in org.apache.camel:camel-mock:3.19.0 are required by your code directly]
    Violation: Rule=unused-dependency P=2 Line=null Msg=[one or more classes in org.springframework:spring-test:5.3.23 are required by your code directly]
    Violation: Rule=unused-dependency P=2 Line=null Msg=[one or more classes in org.springframework.boot:spring-boot-test:2.7.4 are required by your code directly]
    Violation: Rule=unused-dependency P=2 Line=null Msg=[one or more classes in org.apache.camel:camel-core-model:3.19.0 are required by your code directly]
    Violation: Rule=unused-dependency P=2 Line=null Msg=[one or more classes in org.apache.camel:camel-api:3.19.0 are required by your code directly]
    Violation: Rule=unused-dependency P=2 Line=null Msg=[one or more classes in com.fasterxml.jackson.core:jackson-databind:2.13.4 are required by your code directly]
    Violation: Rule=unused-dependency P=2 Line=null Msg=[one or more classes in org.apache.camel:camel-util:3.19.0 are required by your code directly]
    Violation: Rule=unused-dependency P=2 Line=13 Msg=[this dependency is unused and can be removed] Src=[implementation "org.scala-lang:scala-library:${scala_version}"]
    Violation: Rule=unused-dependency P=2 Line=15 Msg=[this dependency is unused and can be removed] Src=[gatlingImplementation "org.scala-lang:scala-library:${scala_version}"]
    Violation: Rule=unused-dependency P=2 Line=29 Msg=[this dependency is unused and can be removed] Src=[implementation 'gov.va.starter:health']
    Violation: Rule=unused-dependency P=2 Line=31 Msg=[this dependency is unused and can be removed] Src=[implementation 'gov.va.starter:tracing']
    Violation: Rule=unused-dependency P=2 Line=32 Msg=[this dependency is unused and can be removed] Src=[implementation 'gov.va.starter:error-handling']
    Violation: Rule=unused-dependency P=2 Line=33 Msg=[this dependency is unused and can be removed] Src=[implementation 'gov.va.starter:exceptions']
    Violation: Rule=unused-dependency P=2 Line=35 Msg=[this dependency should be removed since its artifact is empty] Src=[implementation 'org.springframework.boot:spring-boot-starter-web']
    Violation: Rule=unused-dependency P=2 Line=36 Msg=[this dependency should be removed since its artifact is empty] Src=[implementation 'org.springframework.boot:spring-boot-starter-validation']
    Violation: Rule=unused-dependency P=2 Line=37 Msg=[this dependency should be removed since its artifact is empty] Src=[implementation 'org.springframework.boot:spring-boot-starter-security']
    Violation: Rule=unused-dependency P=2 Line=38 Msg=[this dependency should be removed since its artifact is empty] Src=[implementation 'org.springframework.boot:spring-boot-starter-actuator']
    Violation: Rule=unused-dependency P=2 Line=39 Msg=[this dependency should be removed since its artifact is empty] Src=[implementation 'org.springframework.boot:spring-boot-starter-data-jpa']

File: /Users/yoomlam/dev/abd-vro/controller/build.gradle
    Violation: Rule=unused-dependency P=2 Line=null Msg=[one or more classes in org.springframework:spring-core:5.3.23 are required by your code directly]
    Violation: Rule=unused-dependency P=2 Line=null Msg=[one or more classes in com.fasterxml.jackson.core:jackson-databind:2.13.4 are required by your code directly]
    Violation: Rule=unused-dependency P=2 Line=null Msg=[one or more classes in org.springframework:spring-context:5.3.23 are required by your code directly]
    Violation: Rule=unused-dependency P=2 Line=null Msg=[one or more classes in org.apache.commons:commons-lang3:3.12.0 are required by your code directly]
    Violation: Rule=unused-dependency P=2 Line=null Msg=[one or more classes in org.slf4j:slf4j-api:1.7.36 are required by your code directly]
    Violation: Rule=unused-dependency P=2 Line=null Msg=[one or more classes in org.springframework:spring-web:5.3.23 are required by your code directly]

File: /Users/yoomlam/dev/abd-vro/domain/build.gradle
    Violation: Rule=unused-dependency P=2 Line=null Msg=[one or more classes in io.swagger.core.v3:swagger-annotations:2.1.6 are required by your code directly]
    Violation: Rule=unused-dependency P=2 Line=null Msg=[one or more classes in com.fasterxml.jackson.core:jackson-annotations:2.13.4 are required by your code directly]
    Violation: Rule=unused-dependency P=2 Line=null Msg=[one or more classes in org.apache.commons:commons-lang3:3.12.0 are required by your code directly]

File: /Users/yoomlam/dev/abd-vro/service-data-access/build.gradle
    Violation: Rule=unused-dependency P=2 Line=null Msg=[one or more classes in ca.uhn.hapi.fhir:org.hl7.fhir.r4:5.6.36 are required by your code directly]
    Violation: Rule=unused-dependency P=2 Line=null Msg=[one or more classes in org.jetbrains:annotations:17.0.0 are required by your code directly]
    Violation: Rule=unused-dependency P=2 Line=null Msg=[one or more classes in javax.validation:validation-api:2.0.1.Final are required by your code directly]
    Violation: Rule=unused-dependency P=2 Line=null Msg=[one or more classes in org.springframework:spring-beans:5.3.23 are required by your code directly]
    Violation: Rule=unused-dependency P=2 Line=null Msg=[one or more classes in org.springframework:spring-core:5.3.23 are required by your code directly]
    Violation: Rule=unused-dependency P=2 Line=null Msg=[one or more classes in com.fasterxml.jackson.core:jackson-annotations:2.13.4 are required by your code directly]
    Violation: Rule=unused-dependency P=2 Line=null Msg=[one or more classes in org.springframework:spring-context:5.3.23 are required by your code directly]
    Violation: Rule=unused-dependency P=2 Line=null Msg=[one or more classes in jakarta.validation:jakarta.validation-api:2.0.2 are required by your code directly]
    Violation: Rule=unused-dependency P=2 Line=null Msg=[one or more classes in org.slf4j:slf4j-api:1.7.36 are required by your code directly]
    Violation: Rule=unused-dependency P=2 Line=null Msg=[one or more classes in org.springframework.amqp:spring-amqp:2.4.7 are required by your code directly]
    Violation: Rule=unused-dependency P=2 Line=null Msg=[one or more classes in org.springframework.amqp:spring-rabbit:2.4.7 are required by your code directly]
    Violation: Rule=unused-dependency P=2 Line=null Msg=[one or more classes in org.springframework.boot:spring-boot:2.7.4 are required by your code directly]
    Violation: Rule=unused-dependency P=2 Line=null Msg=[one or more classes in org.junit.jupiter:junit-jupiter-api:5.8.2 are required by your code directly]
    Violation: Rule=unused-dependency P=2 Line=null Msg=[one or more classes in org.springframework:spring-test:5.3.23 are required by your code directly]
    Violation: Rule=unused-dependency P=2 Line=null Msg=[one or more classes in org.springframework.boot:spring-boot-test:2.7.4 are required by your code directly]
    Violation: Rule=unused-dependency P=2 Line=null Msg=[one or more classes in org.apache.camel:camel-core-model:3.19.0 are required by your code directly]
    Violation: Rule=unused-dependency P=2 Line=null Msg=[one or more classes in org.apache.camel:camel-api:3.19.0 are required by your code directly]
    Violation: Rule=unused-dependency P=2 Line=null Msg=[one or more classes in org.apache.camel:camel-jackson:3.19.0 are required by your code directly]
    Violation: Rule=unused-dependency P=2 Line=35 Msg=[this dependency is a service provider unused at compileClasspath time and can be moved to the runtimeOnly configuration] Src=[implementation "com.fasterxml.jackson.core:jackson-core:${jackson_version}"]
    Violation: Rule=unused-dependency P=2 Line=35 Msg=[this dependency is unused and can be removed] Src=[implementation "com.fasterxml.jackson.core:jackson-core:${jackson_version}"]
    Violation: Rule=unused-dependency P=2 Line=36 Msg=[this dependency should be removed since its artifact is empty] Src=[implementation 'org.springframework.boot:spring-boot-starter-amqp:2.7.4']
    Violation: Rule=unused-dependency P=2 Line=39 Msg=[this dependency is unused and can be removed] Src=[implementation('ca.uhn.hapi.fhir:hapi-fhir-server-openapi:6.1.1') {
    exclude group: 'xalan', module: 'xalan'
}]
    Violation: Rule=unused-dependency P=2 Line=50 Msg=[this dependency is unused and can be removed] Src=[testImplementation "org.apache.camel.springboot:camel-rabbitmq-starter:${camel_version}"]
    Violation: Rule=unused-dependency P=2 Line=65 Msg=[this dependency should be removed since its artifact is empty] Src=[integrationTestImplementation 'org.springframework.boot:spring-boot-starter-test:2.7.4']
    Violation: Rule=unused-dependency P=2 Line=66 Msg=[this dependency should be removed since its artifact is empty] Src=[integrationTestImplementation "org.apache.camel.springboot:camel-spring-boot-starter:${camel_version}"]
    Violation: Rule=unused-dependency P=2 Line=67 Msg=[this dependency is unused and can be removed] Src=[integrationTestImplementation "org.apache.camel.springboot:camel-rabbitmq-starter:${camel_version}"]
    Violation: Rule=unused-dependency P=2 Line=68 Msg=[this dependency is unused and can be removed] Src=[integrationTestImplementation "org.apache.camel.springboot:camel-jackson-starter:${camel_version}"]

File: /Users/yoomlam/dev/abd-vro/persistence/model/build.gradle
    Violation: Rule=unused-dependency P=2 Line=null Msg=[one or more classes in javax.validation:validation-api:2.0.1.Final are required by your code directly]
    Violation: Rule=unused-dependency P=2 Line=null Msg=[one or more classes in jakarta.persistence:jakarta.persistence-api:2.2.3 are required by your code directly]
    Violation: Rule=unused-dependency P=2 Line=null Msg=[one or more classes in org.springframework:spring-context:5.3.23 are required by your code directly]
    Violation: Rule=unused-dependency P=2 Line=null Msg=[one or more classes in org.springframework.data:spring-data-jpa:2.7.3 are required by your code directly]
    Violation: Rule=unused-dependency P=2 Line=null Msg=[one or more classes in org.hibernate:hibernate-core:5.6.11.Final are required by your code directly]
    Violation: Rule=unused-dependency P=2 Line=null Msg=[one or more classes in org.springframework.data:spring-data-commons:2.7.3 are required by your code directly]
    Violation: Rule=unused-dependency P=2 Line=null Msg=[one or more classes in jakarta.validation:jakarta.validation-api:2.0.2 are required by your code directly]
    Violation: Rule=unused-dependency P=2 Line=null Msg=[one or more classes in org.springframework.boot:spring-boot-test-autoconfigure:2.7.4 are required by your code directly]
    Violation: Rule=unused-dependency P=2 Line=null Msg=[one or more classes in org.springframework:spring-beans:5.3.23 are required by your code directly]
    Violation: Rule=unused-dependency P=2 Line=13 Msg=[this dependency should be removed since its artifact is empty] Src=[implementation 'org.springframework.boot:spring-boot-starter-data-jpa']

File: /Users/yoomlam/dev/abd-vro/service/db/build.gradle
    Violation: Rule=unused-dependency P=2 Line=null Msg=[one or more classes in org.slf4j:slf4j-api:1.7.36 are required by your code directly]
    Violation: Rule=unused-dependency P=2 Line=null Msg=[one or more classes in org.springframework:spring-context:5.3.23 are required by your code directly]
    Violation: Rule=unused-dependency P=2 Line=null Msg=[one or more classes in org.springframework:spring-tx:5.3.23 are required by your code directly]
    Violation: Rule=unused-dependency P=2 Line=null Msg=[one or more classes in org.springframework.data:spring-data-jpa:2.7.3 are required by your code directly]
    Violation: Rule=unused-dependency P=2 Line=null Msg=[one or more classes in org.springframework.boot:spring-boot-test:2.7.4 are required by your code directly]
    Violation: Rule=unused-dependency P=2 Line=null Msg=[one or more classes in org.springframework:spring-beans:5.3.23 are required by your code directly]
    Violation: Rule=unused-dependency P=2 Line=12 Msg=[this dependency should be removed since its artifact is empty] Src=[implementation 'org.springframework.boot:spring-boot-starter-data-jpa']

File: /Users/yoomlam/dev/abd-vro/service/provider/build.gradle
    Violation: Rule=unused-dependency P=2 Line=null Msg=[one or more classes in org.apache.camel:camel-support:3.19.0 are required by your code directly]
    Violation: Rule=unused-dependency P=2 Line=null Msg=[one or more classes in org.apache.camel.springboot:camel-spring-boot:3.19.0 are required by your code directly]
    Violation: Rule=unused-dependency P=2 Line=null Msg=[one or more classes in org.apache.camel:camel-seda:3.19.0 are required by your code directly]
    Violation: Rule=unused-dependency P=2 Line=null Msg=[one or more classes in org.apache.camel:camel-core-model:3.19.0 are required by your code directly]
    Violation: Rule=unused-dependency P=2 Line=null Msg=[one or more classes in org.apache.camel:camel-api:3.19.0 are required by your code directly]
    Violation: Rule=unused-dependency P=2 Line=null Msg=[one or more classes in com.fasterxml.jackson.core:jackson-databind:2.13.4 are required by your code directly]
    Violation: Rule=unused-dependency P=2 Line=null Msg=[one or more classes in org.springframework:spring-context:5.3.23 are required by your code directly]
    Violation: Rule=unused-dependency P=2 Line=null Msg=[one or more classes in org.springframework.data:spring-data-jpa:2.7.3 are required by your code directly]
    Violation: Rule=unused-dependency P=2 Line=null Msg=[one or more classes in com.rabbitmq:amqp-client:5.14.2 are required by your code directly]
    Violation: Rule=unused-dependency P=2 Line=null Msg=[one or more classes in org.slf4j:slf4j-api:1.7.36 are required by your code directly]
    Violation: Rule=unused-dependency P=2 Line=null Msg=[one or more classes in com.fasterxml.jackson.core:jackson-core:2.13.4 are required by your code directly]
    Violation: Rule=unused-dependency P=2 Line=null Msg=[one or more classes in org.springframework.boot:spring-boot:2.7.4 are required by your code directly]
    Violation: Rule=unused-dependency P=2 Line=18 Msg=[this dependency should be removed since its artifact is empty] Src=[implementation 'org.springframework.boot:spring-boot-starter-data-jpa']
    Violation: Rule=unused-dependency P=2 Line=21 Msg=[this dependency should be removed since its artifact is empty] Src=[implementation "org.apache.camel.springboot:camel-spring-boot-starter:${camel_version}"]
    Violation: Rule=unused-dependency P=2 Line=22 Msg=[this dependency is unused and can be removed] Src=[implementation "org.apache.camel.springboot:camel-jms-starter:${camel_version}"]
    Violation: Rule=unused-dependency P=2 Line=23 Msg=[this dependency is unused and can be removed] Src=[implementation "org.apache.camel.springboot:camel-rabbitmq-starter:${camel_version}"]
    Violation: Rule=unused-dependency P=2 Line=30 Msg=[this dependency is unused and can be removed] Src=[implementation "org.apache.camel.springboot:camel-http-starter:${camel_version}"]

File: /Users/yoomlam/dev/abd-vro/service/spi/build.gradle
    Violation: Rule=unused-dependency P=2 Line=null Msg=[one or more classes in jakarta.validation:jakarta.validation-api:2.0.2 are required by your code directly]
    Violation: Rule=unused-dependency P=2 Line=null Msg=[one or more classes in javax.validation:validation-api:2.0.1.Final are required by your code directly]
    Violation: Rule=unused-dependency P=2 Line=null Msg=[one or more classes in com.fasterxml.jackson.core:jackson-annotations:2.13.4 are required by your code directly]

[CodeNarc (https://www.codenarc.org) v2.0.0]
